<?xml version="1.0" encoding="UTF-8"?>
<!-- Generated by org.testng.reporters.JUnitXMLReporter -->
<testsuite hostname="DESKTOP-VEKRLTS" ignored="0" name="Surefire test" tests="2" failures="0" timestamp="23 Feb 2022 04:40:32 GMT" time="0.096" errors="0">
  <testcase name="@BeforeMethod driverStart" time="0.0" classname="com.selenium.pom.BaseTest">
    <failure type="org.testng.TestNGException" message="
Can inject only one of &amp;lt;ITestContext, XmlTest, Method, Object[]&amp;gt; into a BeforeMethod annotated driverStart.
For more information on native dependency injection please refer to http://testng.org/doc/documentation-main.html#native-dependency-injection">
      <![CDATA[org.testng.TestNGException: 
Can inject only one of <ITestContext, XmlTest, Method, Object[]> into a BeforeMethod annotated driverStart.
For more information on native dependency injection please refer to http://testng.org/doc/documentation-main.html#native-dependency-injection
	at java.util.concurrent.ThreadPoolExecutor.runWorker(ThreadPoolExecutor.java:1149)
	at java.util.concurrent.ThreadPoolExecutor$Worker.run(ThreadPoolExecutor.java:624)
	at java.lang.Thread.run(Thread.java:748)
... Removed 10 stack frames]]>
    </failure>
  </testcase> <!-- @BeforeMethod driverStart -->
  <testcase name="@AfterMethod driverQuit" time="0.0" classname="com.selenium.pom.BaseTest">
    <skipped/>
  </testcase> <!-- @AfterMethod driverQuit -->
  <testcase name="@BeforeMethod driverStart" time="0.0" classname="com.selenium.pom.BaseTest">
    <skipped/>
  </testcase> <!-- @BeforeMethod driverStart -->
  <testcase name="@AfterMethod driverQuit" time="0.0" classname="com.selenium.pom.BaseTest">
    <skipped/>
  </testcase> <!-- @AfterMethod driverQuit -->
  <testcase name="guestCheckOut" time="0.013" classname="com.selenium.testcases.MyFirstTestCase">
    <skipped/>
  </testcase> <!-- guestCheckOut -->
  <testcase name="loginCheckout" time="0.002" classname="com.selenium.testcases.MyFirstTestCase">
    <skipped/>
  </testcase> <!-- loginCheckout -->
</testsuite> <!-- Surefire test -->
