<?xml version="1.0" encoding="UTF-8"?>
<!-- Generated by org.testng.reporters.JUnitXMLReporter -->
<testsuite ignored="1" hostname="DESKTOP-VEKRLTS" failures="0" tests="1" name="Firefox" time="0.045" errors="0" timestamp="20 Feb 2022 05:07:58 GMT">
  <testcase classname="com.selenium.pom.BaseTest" name="@BeforeMethod driverStart" time="0.0">
    <failure type="java.lang.NullPointerException">
      <![CDATA[java.lang.NullPointerException
	at com.selenium.pom.BaseTest.driverStart(BaseTest.java:20)
... Removed 27 stack frames]]>
    </failure>
  </testcase> <!-- @BeforeMethod driverStart -->
  <testcase classname="com.selenium.pom.BaseTest" name="@AfterMethod driverQuit" time="0.0">
    <skipped/>
  </testcase> <!-- @AfterMethod driverQuit -->
  <testcase classname="com.selenium.testcases.MyFirstTestCase" name="guestCheckOut" time="0.005">
    <skipped/>
  </testcase> <!-- guestCheckOut -->
  <testcase classname="com.selenium.testcases.MyFirstTestCase" name="loginCheckout" time="0.0">
    <ignored/>
  </testcase> <!-- loginCheckout -->
</testsuite> <!-- Firefox -->
