<?xml version="1.0" encoding="UTF-8"?>
<!-- Generated by org.testng.reporters.JUnitXMLReporter -->
<testsuite hostname="DESKTOP-VEKRLTS" ignored="1" name="Chrome" tests="1" failures="1" timestamp="22 Feb 2022 14:45:50 GMT" time="63.562" errors="0">
  <testcase name="guestCheckOut" time="49.647" classname="com.selenium.testcases.MyFirstTestCase">
    <failure type="java.lang.AssertionError" message="expected [Thank you. Your order has been received] but found [Thank you. Your order has been received.]">
      <![CDATA[java.lang.AssertionError: expected [Thank you. Your order has been received] but found [Thank you. Your order has been received.]
	at com.selenium.testcases.MyFirstTestCase.guestCheckOut(MyFirstTestCase.java:41)
... Removed 35 stack frames]]>
    </failure>
  </testcase> <!-- guestCheckOut -->
  <testcase name="loginCheckout" time="0.0" classname="com.selenium.testcases.MyFirstTestCase">
    <ignored/>
  </testcase> <!-- loginCheckout -->
</testsuite> <!-- Chrome -->
