<?xml version="1.0" encoding="UTF-8"?>
<!-- Generated by org.testng.reporters.JUnitXMLReporter -->
<testsuite hostname="DESKTOP-VEKRLTS" ignored="1" name="Firefox" tests="1" failures="0" timestamp="22 Feb 2022 14:45:50 GMT" time="0.01" errors="0">
  <testcase name="@BeforeMethod driverStart" time="0.0" classname="com.selenium.pom.BaseTest">
    <failure type="java.lang.NullPointerException">
      <![CDATA[java.lang.NullPointerException
	at com.selenium.pom.BaseTest.driverStart(BaseTest.java:20)
... Removed 31 stack frames]]>
    </failure>
  </testcase> <!-- @BeforeMethod driverStart -->
  <testcase name="@AfterMethod driverQuit" time="0.0" classname="com.selenium.pom.BaseTest">
    <skipped/>
  </testcase> <!-- @AfterMethod driverQuit -->
  <testcase name="guestCheckOut" time="0.001" classname="com.selenium.testcases.MyFirstTestCase">
    <skipped/>
  </testcase> <!-- guestCheckOut -->
  <testcase name="loginCheckout" time="0.0" classname="com.selenium.testcases.MyFirstTestCase">
    <ignored/>
  </testcase> <!-- loginCheckout -->
</testsuite> <!-- Firefox -->
