<?xml version="1.0" encoding="UTF-8"?>
<testsuite xmlns:xsi="http://www.w3.org/2001/XMLSchema-instance" xsi:noNamespaceSchemaLocation="https://maven.apache.org/surefire/maven-surefire-plugin/xsd/surefire-test-report-3.0.xsd" version="3.0" name="TestSuite" time="66.249" tests="10" errors="0" skipped="6" failures="4">
  <properties>
[...]
</properties>
  <testcase name="guestCheckOut" classname="com.selenium.testcases.MyFirstTestCase" time="49.497">
    <failure message="expected [Thank you. Your order has been received] but found [Thank you. Your order has been received.]" type="java.lang.AssertionError"><![CDATA[java.lang.AssertionError: expected [Thank you. Your order has been received] but found [Thank you. Your order has been received.]
	at com.selenium.testcases.MyFirstTestCase.guestCheckOut(MyFirstTestCase.java:41)
]]></failure>
    <system-err><![CDATA[SLF4J: Failed to load class "org.slf4j.impl.StaticLoggerBinder".
SLF4J: Defaulting to no-operation (NOP) logger implementation
SLF4J: See http://www.slf4j.org/codes.html#StaticLoggerBinder for further details.
Starting ChromeDriver 98.0.4758.102 (273bf7ac8c909cde36982d27f66f3c70846a3718-refs/branch-heads/4758@{#1151}) on port 62645
Only local connections are allowed.
Please see https://chromedriver.chromium.org/security-considerations for suggestions on keeping ChromeDriver safe.
ChromeDriver was started successfully.
Feb 22, 2022 8:14:58 PM org.openqa.selenium.remote.ProtocolHandshake createSession
INFO: Detected dialect: W3C
Feb 22, 2022 8:14:59 PM org.openqa.selenium.devtools.CdpVersionFinder findNearestMatch
WARNING: Unable to find an exact match for CDP version 98, so returning the closest version found: 97
Feb 22, 2022 8:14:59 PM org.openqa.selenium.devtools.CdpVersionFinder findNearestMatch
INFO: Found CDP implementation for version 98 of 97
]]></system-err>
  </testcase>
  <testcase name="guestCheckOut" classname="com.selenium.testcases.MyFirstTestCase" time="0">
    <skipped/>
  </testcase>
  <testcase name="guestCheckOut" classname="com.selenium.testcases.MyFirstTestCase" time="0">
    <skipped/>
  </testcase>
  <testcase name="guestCheckOut" classname="com.selenium.testcases.MyFirstTestCase" time="0">
    <skipped/>
  </testcase>
  <testcase name="driverStart[Firefox](0)" classname="com.selenium.testcases.MyFirstTestCase" time="51.757">
    <failure type="java.lang.NullPointerException"><![CDATA[java.lang.NullPointerException
]]></failure>
    <system-out><![CDATA[firefox going to exceute
]]></system-out>
  </testcase>
  <testcase name="driverStart[Firefox](0)" classname="com.selenium.testcases.MyFirstTestCase" time="0.096">
    <failure type="java.lang.NullPointerException"><![CDATA[java.lang.NullPointerException
]]></failure>
    <system-out><![CDATA[firefox going to exceute
]]></system-out>
  </testcase>
  <testcase name="driverStart[Firefox](0)" classname="com.selenium.testcases.MyFirstTestCase" time="0.005">
    <failure type="java.lang.NullPointerException"><![CDATA[java.lang.NullPointerException
]]></failure>
    <system-out><![CDATA[firefox going to exceute
]]></system-out>
  </testcase>
  <testcase name="driverQuit" classname="com.selenium.testcases.MyFirstTestCase" time="0">
    <skipped/>
  </testcase>
  <testcase name="driverQuit" classname="com.selenium.testcases.MyFirstTestCase" time="0">
    <skipped/>
  </testcase>
  <testcase name="driverQuit" classname="com.selenium.testcases.MyFirstTestCase" time="0">
    <skipped/>
  </testcase>
</testsuite>